pygame 1.9.4.post1
Hello from the pygame community. https://www.pygame.org/contribute.html
Finished init
Finished waiting
0
finished show
Finished waiting
1
finished show
Finished waiting
2
finished show
Finished waiting
3
finished show
Finished waiting
4
finished show
Finished waiting
5
finished show
Finished waiting
6
finished show
Finished waiting
7
finished show
Finished waiting
8
finished show
Finished waiting
9
finished show
Finished waiting
10
finished show
Finished waiting
11
finished show
Finished waiting
12
finished show
Finished waiting
13
finished show
Finished waiting
14
finished show
Finished waiting
15
finished show
Finished waiting
16
finished show
Finished waiting
17
finished show
Finished waiting
18
finished show
Finished waiting
19
finished show
Finished waiting
20
finished show
Finished waiting
21
finished show
Finished waiting
22
finished show
Finished waiting
23
finished show
Finished waiting
24
finished show
Finished waiting
25
finished show
Finished waiting
26
finished show
Finished waiting
27
finished show
Finished waiting
28
finished show
Finished waiting
29
finished show
Finished waiting
30
finished show
Finished waiting
31
finished show
Finished waiting
32
finished show
Finished waiting
33
finished show
Finished waiting
34
finished show
Finished waiting
35
finished show
Finished waiting
36
finished show
Finished waiting
37
finished show
Finished waiting
38
finished show
Finished waiting
39
finished show
Finished waiting
40
finished show
Finished waiting
41
finished show
Finished waiting
42
finished show
Finished waiting
43
finished show
Finished waiting
44
finished show
Finished waiting
45
finished show
Finished waiting
46
finished show
Finished waiting
47
finished show
Finished waiting
48
finished show
Finished waiting
49
finished show
Finished waiting
50
finished show
Finished waiting
51
finished show
Finished waiting
52
finished show
Finished waiting
53
finished show
Finished waiting
54
finished show
Finished waiting
55
finished show
Finished waiting
56
finished show
Finished waiting
57
finished show
Finished waiting
58
finished show
Finished waiting
59
finished show
Finished waiting
60
finished show
Finished waiting
61
finished show
Finished waiting
62
finished show
Finished waiting
63
finished show
Finished waiting
64
finished show
Finished waiting
65
finished show
Finished waiting
66
finished show
Finished waiting
67
finished show
Finished waiting
68
finished show
Finished waiting
69
finished show
Finished waiting
70
finished show
Finished waiting
71
finished show
Finished waiting
72
finished show
Finished waiting
73
finished show
Finished waiting
74
finished show
Finished waiting
75
finished show
Finished waiting
76
finished show
Finished waiting
77
finished show
Finished waiting
78
finished show
Finished waiting
79
finished show
Finished waiting
80
finished show
Finished waiting
81
finished show
Finished waiting
82
finished show
Finished waiting
83
finished show
Finished waiting
84
finished show
Finished waiting
85
finished show
Finished waiting
86
finished show
Finished waiting
87
finished show
Finished waiting
88
finished show
Finished waiting
89
finished show
Finished waiting
90
finished show
Finished waiting
91
finished show
Finished waiting
92
finished show
Finished waiting
93
finished show
Finished waiting
94
finished show
Finished waiting
95
finished show
Finished waiting
96
finished show
Finished waiting
97
finished show
Finished waiting
98
finished show
Finished waiting
99
finished show
Finished waiting
100
finished show
Finished waiting
101
finished show
Finished waiting
102
finished show
Finished waiting
103
finished show
Finished waiting
104
finished show
Finished waiting
105
finished show
Finished waiting
106
finished show
Finished waiting
107
finished show
Finished waiting
108
finished show
Finished waiting
109
finished show
Finished waiting
110
finished show
Finished waiting
111
finished show
Finished waiting
112
finished show
Finished waiting
113
finished show
Finished waiting
114
finished show
Finished waiting
115
finished show
Finished waiting
116
finished show
Finished waiting
117
finished show
Finished waiting
118
finished show
Finished waiting
119
finished show
Finished waiting
120
finished show
Finished waiting
121
finished show
Finished waiting
122
finished show
Finished waiting
123
finished show
Finished waiting
124
finished show
Finished waiting
125
finished show
Finished waiting
126
finished show
Finished waiting
127
finished show
Finished waiting
128
finished show
Finished waiting
129
finished show
Finished waiting
130
finished show
Finished waiting
131
finished show
Finished waiting
132
finished show
Finished waiting
133
finished show
Finished waiting
134
finished show
Finished waiting
135
finished show
Finished waiting
136
finished show
Finished waiting
137
finished show
Finished waiting
138
finished show
Finished waiting
139
finished show
Finished waiting
140
finished show
Finished waiting
141
finished show
Finished waiting
142
finished show
Finished waiting
143
finished show
Finished waiting
144
finished show
Finished waiting
145
finished show
Finished waiting
146
finished show
Finished waiting
147
finished show
Finished waiting
148
finished show
Finished waiting
149
finished show
Finished waiting
150
finished show
Finished waiting
151
finished show
Finished waiting
152
finished show
Finished waiting
153
finished show
Finished waiting
154
finished show
Finished waiting
155
finished show
Finished waiting
156
finished show
Finished waiting
157
finished show
Finished waiting
158
finished show
Finished waiting
159
finished show
Finished waiting
160
finished show
Finished waiting
161
finished show
Finished waiting
162
finished show
Finished waiting
163
finished show
Finished waiting
164
finished show
Finished waiting
165
finished show
Finished waiting
166
finished show
Finished waiting
167
finished show
Finished waiting
168
finished show
Finished waiting
169
finished show
Finished waiting
170
finished show
Finished waiting
171
finished show
Finished waiting
172
finished show
Finished waiting
173
finished show
Finished waiting
174
finished show
Finished waiting
175
finished show
Finished waiting
176
finished show
Finished waiting
177
finished show
Finished waiting
178
finished show
Finished waiting
179
finished show
Finished waiting
180
finished show
Finished waiting
181
finished show
Finished waiting
182
finished show
Finished waiting
183
finished show
Finished waiting
184
finished show
Finished waiting
185
finished show
Finished waiting
186
finished show
Finished waiting
187
finished show
Finished waiting
188
finished show
Finished waiting
189
finished show
Finished waiting
190
finished show
Finished waiting
191
finished show
Finished waiting
192
finished show
Finished waiting
193
finished show
Finished waiting
194
finished show
Finished waiting
195
finished show
Finished waiting
196
finished show
Finished waiting
197
finished show
Finished waiting
198
finished show
Finished waiting
199
finished show
Finished waiting
200
finished show
Finished waiting
201
finished show
Finished waiting
202
finished show
Finished waiting
203
finished show
Finished waiting
204
finished show
Finished waiting
205
finished show
Finished waiting
206
finished show
Finished waiting
207
finished show
Finished waiting
208
finished show
Finished waiting
209
finished show
Finished waiting
210
finished show
Finished waiting
211
finished show
Finished waiting
212
finished show
Finished waiting
213
finished show
Finished waiting
214
finished show
Finished waiting
215
finished show
Finished waiting
216
finished show
Finished waiting
217
finished show
Finished waiting
218
finished show
Finished waiting
219
finished show
Finished waiting
220
finished show
Finished waiting
221
finished show
Finished waiting
222
finished show
Finished waiting
223
finished show
Finished waiting
224
finished show
Finished waiting
225
finished show
Finished waiting
226
finished show
Finished waiting
227
finished show
Finished waiting
228
finished show
Finished waiting
229
finished show
Finished waiting
230
finished show
Finished waiting
231
finished show
Finished waiting
232
finished show
Finished waiting
233
finished show
Finished waiting
234
finished show
Finished waiting
235
finished show
Finished waiting
236
finished show
Finished waiting
237
finished show
Finished waiting
238
finished show
Finished waiting
239
finished show
Finished waiting
240
finished show
Finished waiting
241
finished show
Finished waiting
242
finished show
Finished waiting
243
finished show
Finished waiting
244
finished show
Finished waiting
245
finished show
Finished waiting
246
finished show
Finished waiting
247
finished show
Finished waiting
248
finished show
Finished waiting
249
finished show
Finished waiting
250
finished show
Finished waiting
251
finished show
Finished waiting
252
finished show
Finished waiting
253
finished show
Finished waiting
254
finished show
Finished waiting
255
finished show
Finished waiting
256
finished show
Finished waiting
257
finished show
Finished waiting
258
finished show
Finished waiting
259
finished show
Finished waiting
260
finished show
Finished waiting
261
finished show
Finished waiting
262
finished show
Finished waiting
263
finished show
Finished waiting
264
finished show
Finished waiting
265
finished show
Finished waiting
266
finished show
Finished waiting
267
finished show
Finished waiting
268
finished show
Finished waiting
269
finished show
Finished waiting
270
finished show
Finished waiting
271
finished show
Finished waiting
272
finished show
Finished waiting
273
finished show
Finished waiting
274
finished show
Finished waiting
275
finished show
Finished waiting
276
finished show
Finished waiting
277
finished show
Finished waiting
278
finished show
Finished waiting
279
finished show
Finished waiting
280
finished show
Finished waiting
281
finished show
Finished waiting
282
finished show
Finished waiting
283
finished show
Finished waiting
284
finished show
Finished waiting
285
finished show
Finished waiting
286
finished show
Finished waiting
287
finished show
Finished waiting
288
finished show
Finished waiting
289
finished show
Finished waiting
290
finished show
Finished waiting
291
finished show
Finished waiting
292
finished show
Finished waiting
293
finished show
Finished waiting
294
finished show
Finished waiting
295
finished show
Finished waiting
296
finished show
Finished waiting
297
finished show
Finished waiting
298
finished show
Finished waiting
299
finished show
Finished waiting
300
finished show
Finished waiting
301
finished show
Finished waiting
302
finished show
Finished waiting
303
finished show
Finished waiting
304
finished show
Finished waiting
305
finished show
Finished waiting
306
finished show
Finished waiting
307
finished show
Finished waiting
308
finished show
Finished waiting
309
finished show
Finished waiting
310
finished show
Finished waiting
311
finished show
Finished waiting
312
finished show
Finished waiting
313
finished show
Finished waiting
314
finished show
Finished waiting
315
finished show
Finished waiting
316
finished show
Finished waiting
317
finished show
Finished waiting
318
finished show
Finished waiting
319
finished show
Finished waiting
320
finished show
Finished waiting
321
finished show
Finished waiting
322
finished show
Finished waiting
323
finished show
Finished waiting
324
finished show
Finished waiting
325
finished show
Finished waiting
326
finished show
Finished waiting
327
finished show
Finished waiting
328
finished show
Finished waiting
329
finished show
Finished waiting
330
finished show
Finished waiting
331
finished show
Finished waiting
332
finished show
Finished waiting
333
finished show
Finished waiting
334
finished show
Finished waiting
335
finished show
Finished waiting
336
finished show
Finished waiting
337
finished show
Finished waiting
338
finished show
Finished waiting
339
finished show
Finished waiting
340
finished show
Finished waiting
341
finished show
Finished waiting
342
finished show
Finished waiting
343
finished show
Finished waiting
344
finished show
Finished waiting
345
finished show
Finished waiting
346
finished show
Finished waiting
347
finished show
Finished waiting
348
finished show
Finished waiting
349
finished show
Finished waiting
350
finished show
Finished waiting
351
finished show
Finished waiting
352
finished show
Finished waiting
353
finished show
Finished waiting
354
finished show
Finished waiting
355
finished show
Finished waiting
356
finished show
Finished waiting
357
finished show
Finished waiting
358
finished show
Finished waiting
359
finished show
Finished waiting
360
finished show
Finished waiting
361
finished show
Finished waiting
362
finished show
Finished waiting
363
finished show
Finished waiting
364
finished show
Finished waiting
365
finished show
Finished waiting
366
finished show
Finished waiting
367
finished show
Finished waiting
368
finished show
Finished waiting
369
finished show
Finished waiting
370
finished show
Finished waiting
371
finished show
Finished waiting
372
finished show
Finished waiting
373
finished show
Finished waiting
374
finished show
Finished waiting
375
finished show
Finished waiting
376
finished show
Finished waiting
377
finished show
Finished waiting
378
finished show
Finished waiting
379
finished show
Finished waiting
380
finished show
Finished waiting
381
finished show
Finished waiting
382
finished show
Finished waiting
383
finished show
Finished waiting
384
finished show
Finished waiting
385
finished show
Finished waiting
386
finished show
Finished waiting
387
finished show
Finished waiting
388
finished show
Finished waiting
389
finished show
Finished waiting
390
finished show
Finished waiting
391
finished show
Finished waiting
392
finished show
Finished waiting
393
finished show
Finished waiting
394
finished show
Finished waiting
395
finished show
Finished waiting
396
finished show
Finished waiting
397
finished show
Finished waiting
398
finished show
Finished waiting
399
finished show
Finished waiting
400
finished show
Finished waiting
401
finished show
Finished waiting
402
finished show
Finished waiting
403
finished show
Finished waiting
404
finished show
Finished waiting
405
finished show
Finished waiting
406
finished show
Finished waiting
407
finished show
Finished waiting
408
finished show
Finished waiting
409
finished show
Finished waiting
410
finished show
Finished waiting
411
finished show
Finished waiting
412
finished show
Finished waiting
413
finished show
Finished waiting
414
finished show
Finished waiting
415
finished show
Finished waiting
416
finished show
Finished waiting
417
finished show
Finished waiting
418
finished show
Finished waiting
419
finished show
Finished waiting
420
finished show
Finished waiting
421
finished show
Finished waiting
422
finished show
Finished waiting
423
finished show
Finished waiting
424
finished show
Finished waiting
425
finished show
Finished waiting
426
finished show
Finished waiting
427
finished show
Finished waiting
428
finished show
Finished waiting
429
finished show
Finished waiting
430
finished show
Finished waiting
431
finished show
Finished waiting
432
finished show
Finished waiting
433
finished show
Finished waiting
434
finished show
Finished waiting
435
finished show
Finished waiting
436
finished show
Finished waiting
437
finished show
Finished waiting
438
finished show
Finished waiting
439
finished show
Finished waiting
440
finished show
Finished waiting
441
finished show
Finished waiting
442
finished show
Finished waiting
443
finished show
Finished waiting
444
finished show
Finished waiting
445
finished show
Finished waiting
446
finished show
Finished waiting
447
finished show
Finished waiting
448
finished show
Finished waiting
449
finished show
Finished waiting
450
finished show
Finished waiting
451
finished show
Finished waiting
452
finished show
Finished waiting
453
finished show
Finished waiting
454
finished show
Finished waiting
455
finished show
Finished waiting
456
finished show
Finished waiting
457
finished show
Finished waiting
458
finished show
Finished waiting
459
finished show
Finished waiting
460
finished show
Finished waiting
461
finished show
Finished waiting
462
finished show
Finished waiting
463
finished show
Finished waiting
464
finished show
Finished waiting
465
finished show
Finished waiting
466
finished show
Finished waiting
467
finished show
Finished waiting
468
finished show
Finished waiting
469
finished show
Finished waiting
470
finished show
Finished waiting
471
finished show
Finished waiting
472
finished show
Finished waiting
473
finished show
Finished waiting
474
finished show
Finished waiting
475
finished show
Finished waiting
476
finished show
Finished waiting
477
finished show
Finished waiting
478
finished show
Finished waiting
479
finished show
Finished waiting
480
finished show
Finished waiting
481
finished show
Finished waiting
482
finished show
Finished waiting
483
finished show
Finished waiting
484
finished show
Finished waiting
485
finished show
Finished waiting
486
finished show
Finished waiting
487
finished show
Finished waiting
488
finished show
Finished waiting
489
finished show
Finished waiting
490
finished show
Finished waiting
491
finished show
Finished waiting
492
finished show
Finished waiting
493
finished show
Finished waiting
494
finished show
Finished waiting
495
finished show
Finished waiting
496
finished show
Finished waiting
497
finished show
Finished waiting
498
finished show
Finished waiting
499
finished show
Finished waiting
500
finished show
Finished waiting
501
finished show
Finished waiting
502
finished show
Finished waiting
503
finished show
Finished waiting
504
finished show
Finished waiting
505
finished show
Finished waiting
506
finished show
Finished waiting
507
finished show
Finished waiting
508
finished show
Finished waiting
509
finished show
Finished waiting
510
finished show
Finished waiting
511
finished show
Finished waiting
512
finished show
Finished waiting
513
finished show
Finished waiting
514
finished show
Finished waiting
515
finished show
Finished waiting
516
finished show
Finished waiting
517
finished show
Finished waiting
518
finished show
Finished waiting
519
finished show
Finished waiting
520
finished show
Finished waiting
521
finished show
Finished waiting
522
finished show
Finished waiting
523
finished show
Finished waiting
524
finished show
Finished waiting
525
finished show
Finished waiting
526
finished show
Finished waiting
527
finished show
Finished waiting
528
finished show
Finished waiting
529
finished show
Finished waiting
530
finished show
Finished waiting
531
finished show
Finished waiting
532
finished show
Finished waiting
533
finished show
Finished waiting
534
finished show
Finished waiting
535
finished show
Finished waiting
536
finished show
Finished waiting
537
finished show
Finished waiting
538
finished show
Finished waiting
539
finished show
Finished waiting
540
finished show
Finished waiting
541
finished show
Finished waiting
542
finished show
Finished waiting
543
finished show
Finished waiting
544
finished show
Finished waiting
545
finished show
Finished waiting
546
finished show
Finished waiting
547
finished show
Finished waiting
548
finished show
Finished waiting
549
finished show
Finished waiting
550
finished show
Finished waiting
551
finished show
Finished waiting
552
finished show
Finished waiting
553
finished show
Finished waiting
554
finished show
Finished waiting
555
finished show
Finished waiting
556
finished show
Finished waiting
557
finished show
Finished waiting
558
finished show
Finished waiting
559
finished show
Finished waiting
560
finished show
Finished waiting
561
finished show
Finished waiting
562
finished show
Finished waiting
563
finished show
Finished waiting
564
finished show
Finished waiting
565
finished show
Finished waiting
566
finished show
Finished waiting
567
finished show
Finished waiting
568
finished show
Finished waiting
569
finished show
Finished waiting
570
finished show
Finished waiting
571
finished show
Finished waiting
572
finished show
Finished waiting
573
finished show
Finished waiting
574
finished show
Finished waiting
575
finished show
Finished waiting
576
finished show
Finished waiting
577
finished show
Finished waiting
578
finished show
Finished waiting
579
finished show
Finished waiting
580
finished show
Finished waiting
581
finished show
Finished waiting
582
finished show
Finished waiting
583
finished show
Finished waiting
584
finished show
Finished waiting
585
finished show
Finished waiting
586
finished show
Finished waiting
587
finished show
Finished waiting
588
finished show
Finished waiting
589
finished show
Finished waiting
590
finished show
Finished waiting
591
finished show
Finished waiting
592
finished show
Finished waiting
593
finished show
Finished waiting
594
finished show
Finished waiting
595
finished show
Finished waiting
596
finished show
Finished waiting
597
finished show
Finished waiting
598
finished show
Finished waiting
599
finished show
Finished waiting
600
finished show
Finished waiting
601
finished show
Finished waiting
602
finished show
Finished waiting
603
finished show
Finished waiting
604
finished show
Finished waiting
605
finished show
Finished waiting
606
finished show
Finished waiting
607
finished show
Finished waiting
608
finished show
Finished waiting
609
finished show
Finished waiting
610
finished show
Finished waiting
611
finished show
Finished waiting
612
finished show
Finished waiting
613
finished show
Finished waiting
614
finished show
Finished waiting
615
finished show
Finished waiting
616
finished show
Finished waiting
617
finished show
Finished waiting
618
finished show
Finished waiting
619
finished show
Finished waiting
620
finished show
Finished waiting
621
finished show
Finished waiting
622
finished show
Finished waiting
623
finished show
Finished waiting
624
finished show
Finished waiting
625
finished show
Finished waiting
626
finished show
Finished waiting
627
finished show
Finished waiting
628
finished show
Finished waiting
629
finished show
Finished waiting
630
finished show
Finished waiting
631
finished show
Finished waiting
632
finished show
Finished waiting
633
finished show
Finished waiting
634
finished show
Finished waiting
635
finished show
Finished waiting
636
finished show
Finished waiting
637
finished show
Finished waiting
638
finished show
Finished waiting
639
finished show
Finished waiting
640
finished show
Finished waiting
641
finished show
Finished waiting
642
finished show
Finished waiting
643
finished show
Finished waiting
644
finished show
Finished waiting
645
finished show
Finished waiting
646
finished show
Finished waiting
647
finished show
Finished waiting
648
finished show
Finished waiting
649
finished show
Finished waiting
650
finished show
Finished waiting
651
finished show
Finished waiting
652
finished show
Finished waiting
653
finished show
Finished waiting
654
finished show
Finished waiting
655
finished show
Finished waiting
656
finished show
Finished waiting
657
finished show
Finished waiting
658
finished show
Finished waiting
659
finished show
Finished waiting
660
finished show
Finished waiting
661
finished show
Finished waiting
662
finished show
Finished waiting
663
finished show
Finished waiting
664
finished show
Finished waiting
665
finished show
Finished waiting
666
finished show
Finished waiting
667
finished show
Finished waiting
668
finished show
Finished waiting
669
finished show
Finished waiting
670
finished show
Finished waiting
671
finished show
Finished waiting
672
finished show
Finished waiting
673
finished show
Finished waiting
674
finished show
Finished waiting
675
finished show
Finished waiting
676
finished show
Finished waiting
677
finished show
Finished waiting
678
finished show
Finished waiting
679
finished show
Finished waiting
680
finished show
Finished waiting
681
finished show
Finished waiting
682
finished show
Finished waiting
683
finished show
Finished waiting
684
finished show
Finished waiting
685
finished show
Finished waiting
686
finished show
Finished waiting
687
finished show
Finished waiting
688
finished show
Finished waiting
689
finished show
Finished waiting
690
finished show
Finished waiting
691
finished show
Finished waiting
692
finished show
Finished waiting
693
finished show
Finished waiting
694
finished show
Finished waiting
695
finished show
Finished waiting
696
finished show
Finished waiting
697
finished show
Finished waiting
698
finished show
Finished waiting
699
finished show
Finished waiting
700
finished show
Finished waiting
701
finished show
Finished waiting
702
finished show
Finished waiting
703
finished show
Finished waiting
704
finished show
Finished waiting
705
finished show
Finished waiting
706
finished show
Finished waiting
707
finished show
Finished waiting
708
finished show
Finished waiting
709
finished show
Finished waiting
710
finished show
Finished waiting
711
finished show
Finished waiting
712
finished show
Finished waiting
713
finished show
Finished waiting
714
finished show
Finished waiting
715
finished show
Finished waiting
716
finished show
Finished waiting
717
finished show
Finished waiting
718
finished show
Finished waiting
719
finished show
Finished waiting
720
finished show
Finished waiting
721
finished show
Finished waiting
722
finished show
Finished waiting
723
finished show
Finished waiting
724
finished show
Finished waiting
725
finished show
Finished waiting
726
finished show
Finished waiting
727
finished show
Finished waiting
728
finished show
Finished waiting
729
finished show
Finished waiting
730
finished show
Finished waiting
731
finished show
Finished waiting
732
finished show
Finished waiting
733
finished show
Finished waiting
734
finished show
Finished waiting
735
finished show
Finished waiting
736
finished show
Finished waiting
737
finished show
Finished waiting
738
finished show
Finished waiting
739
finished show
Finished waiting
740
finished show
Finished waiting
741
finished show
Finished waiting
742
finished show
Finished waiting
743
finished show
Finished waiting
744
finished show
Finished waiting
745
finished show
Finished waiting
746
finished show
Finished waiting
747
finished show
Finished waiting
748
finished show
Finished waiting
749
finished show
Finished waiting
750
finished show
Finished waiting
751
finished show
Finished waiting
752
finished show
Finished waiting
753
finished show
Finished waiting
754
finished show
Finished waiting
755
finished show
Finished waiting
756
finished show
Finished waiting
757
finished show
Finished waiting
758
finished show
Finished waiting
759
finished show
Finished waiting
760
finished show
Finished waiting
761
finished show
Finished waiting
762
finished show
Finished waiting
763
finished show
Finished waiting
764
finished show
Finished waiting
765
finished show
Finished waiting
766
finished show
Finished waiting
767
finished show
Finished waiting
768
finished show
Finished waiting
769
finished show
Finished waiting
770
finished show
Finished waiting
771
finished show
Finished waiting
772
finished show
Finished waiting
773
finished show
Finished waiting
774
finished show
Finished waiting
775
finished show
Finished waiting
776
finished show
Finished waiting
777
finished show
Finished waiting
778
finished show
Finished waiting
779
finished show
Finished waiting
780
finished show
Finished waiting
781
finished show
Finished waiting
782
finished show
Finished waiting
783
finished show
Finished waiting
784
finished show
Finished waiting
785
finished show
Finished waiting
786
finished show
Finished waiting
787
finished show
Finished waiting
788
finished show
Finished waiting
789
finished show
Finished waiting
790
finished show
Finished waiting
791
finished show
Finished waiting
792
finished show
Finished waiting
793
finished show
Finished waiting
794
finished show
Finished waiting
795
finished show
Finished waiting
796
finished show
Finished waiting
797
finished show
Finished waiting
798
finished show
Finished waiting
799
finished show
Finished waiting
800
finished show
Finished waiting
801
finished show
Finished waiting
802
finished show
Finished waiting
803
finished show
Finished waiting
804
finished show
Finished waiting
805
finished show
Finished waiting
806
finished show
Finished waiting
807
finished show
Finished waiting
808
finished show
Finished waiting
809
finished show
Finished waiting
810
finished show
Finished waiting
811
finished show
Finished waiting
812
finished show
Finished waiting
813
finished show
Finished waiting
814
finished show
Finished waiting
815
finished show
Finished waiting
816
finished show
Finished waiting
817
finished show
Finished waiting
818
finished show
Finished waiting
819
finished show
Finished waiting
820
finished show
Finished waiting
821
finished show
Finished waiting
822
finished show
Finished waiting
823
finished show
Finished waiting
824
finished show
Finished waiting
825
finished show
Finished waiting
826
finished show
Finished waiting
827
finished show
Finished waiting
828
finished show
Finished waiting
829
finished show
Finished waiting
830
finished show
Finished waiting
831
finished show
Finished waiting
832
finished show
Finished waiting
833
finished show
Finished waiting
834
finished show
Finished waiting
835
finished show
Finished waiting
836
finished show
Finished waiting
837
finished show
Finished waiting
838
finished show
Finished waiting
839
finished show
Finished waiting
840
finished show
Finished waiting
841
finished show
Finished waiting
842
finished show
Finished waiting
843
finished show
Finished waiting
844
finished show
Finished waiting
845
finished show
Finished waiting
846
finished show
Finished waiting
847
finished show
Finished waiting
848
finished show
Finished waiting
849
finished show
Finished waiting
850
finished show
Finished waiting
851
finished show
Finished waiting
852
finished show
Finished waiting
853
finished show
Finished waiting
854
finished show
Finished waiting
855
finished show
Finished waiting
856
finished show
Finished waiting
857
finished show
Finished waiting
858
finished show
Finished waiting
859
finished show
Finished waiting
860
finished show
Finished waiting
861
finished show
Finished waiting
862
finished show
Finished waiting
863
finished show
Finished waiting
864
finished show
Finished waiting
865
finished show
Finished waiting
866
finished show
Finished waiting
867
finished show
Finished waiting
868
finished show
Finished waiting
869
finished show
Finished waiting
870
finished show
Finished waiting
871
finished show
Finished waiting
872
finished show
Finished waiting
873
finished show
Finished waiting
874
finished show
Finished waiting
875
finished show
Finished waiting
876
finished show
Finished waiting
877
finished show
Finished waiting
878
finished show
Finished waiting
879
finished show
Finished waiting
880
finished show
Finished waiting
881
finished show
Finished waiting
882
finished show
Finished waiting
883
finished show
Finished waiting
884
finished show
Finished waiting
885
finished show
Finished waiting
886
finished show
Finished waiting
887
finished show
Finished waiting
888
finished show
Finished waiting
889
finished show
Finished waiting
890
finished show
Finished waiting
891
finished show
Finished waiting
892
finished show
Finished waiting
893
finished show
Finished waiting
894
finished show
Finished waiting
895
finished show
Finished waiting
896
finished show
Finished waiting
897
finished show
Finished waiting
898
finished show
Finished waiting
899
finished show
Finished waiting
900
finished show
Finished waiting
901
finished show
Finished waiting
902
finished show
Finished waiting
903
finished show
Finished waiting
904
finished show
Finished waiting
905
finished show
Finished waiting
906
finished show
Finished waiting
907
finished show
Finished waiting
908
finished show
Finished waiting
909
finished show
Finished waiting
910
finished show
Finished waiting
911
finished show
Finished waiting
912
finished show
Finished waiting
913
finished show
Finished waiting
914
finished show
Finished waiting
915
finished show
Finished waiting
916
finished show
Finished waiting
917
finished show
Finished waiting
918
finished show
Finished waiting
919
finished show
Finished waiting
920
finished show
Finished waiting
921
finished show
Finished waiting
922
finished show
Finished waiting
923
finished show
Finished waiting
924
finished show
Finished waiting
925
finished show
Finished waiting
926
finished show
Finished waiting
927
finished show
Finished waiting
928
finished show
Finished waiting
929
finished show
Finished waiting
930
finished show
Finished waiting
931
finished show
Finished waiting
932
finished show
Finished waiting
933
finished show
Finished waiting
934
finished show
Finished waiting
935
finished show
Finished waiting
936
finished show
Finished waiting
937
finished show
Finished waiting
938
finished show
Finished waiting
939
finished show
Finished waiting
940
finished show
Finished waiting
941
finished show
Finished waiting
942
finished show
Finished waiting
943
finished show
Finished waiting
944
finished show
Finished waiting
945
finished show
Finished waiting
946
finished show
Finished waiting
947
finished show
Finished waiting
948
finished show
Finished waiting
949
finished show
Finished waiting
950
finished show
Finished waiting
951
finished show
Finished waiting
952
finished show
Finished waiting
953
finished show
Finished waiting
954
finished show
Finished waiting
955
finished show
Finished waiting
956
finished show
Finished waiting
957
finished show
Finished waiting
958
finished show
Finished waiting
959
finished show
Finished waiting
960
finished show
Finished waiting
961
finished show
Finished waiting
962
finished show
Finished waiting
963
finished show
Finished waiting
964
finished show
Finished waiting
965
finished show
Finished waiting
966
finished show
Finished waiting
967
finished show
Finished waiting
968
finished show
Finished waiting
969
finished show
Finished waiting
970
finished show
Finished waiting
971
finished show
Finished waiting
972
finished show
Finished waiting
973
finished show
Finished waiting
974
finished show
Finished waiting
975
finished show
Finished waiting
976
finished show
Finished waiting
977
finished show
Finished waiting
978
finished show
Finished waiting
979
finished show
Finished waiting
980
finished show
Finished waiting
981
finished show
Finished waiting
982
finished show
Finished waiting
983
finished show
Finished waiting
984
finished show
Finished waiting
985
finished show
Finished waiting
986
finished show
Finished waiting
987
finished show
Finished waiting
988
finished show
Finished waiting
989
finished show
Finished waiting
990
finished show
Finished waiting
991
finished show
Finished waiting
992
finished show
Finished waiting
993
finished show
Finished waiting
994
finished show
Finished waiting
995
finished show
Finished waiting
996
finished show
Finished waiting
997
finished show
Finished waiting
998
finished show
Finished waiting
999
finished show
Finished waiting
1000
finished show
Finished waiting
1001
finished show
Finished waiting
1002
finished show
Finished waiting
1003
finished show
Finished waiting
1004
finished show
Finished waiting
1005
finished show
Finished waiting
1006
finished show
Finished waiting
1007
finished show
Finished waiting
1008
finished show
Finished waiting
1009
finished show
Finished waiting
1010
finished show
Finished waiting
1011
finished show
Finished waiting
1012
finished show
Finished waiting
1013
finished show
Finished waiting
1014
finished show
Finished waiting
1015
finished show
Finished waiting
1016
finished show
Finished waiting
1017
finished show
Finished waiting
1018
finished show
Finished waiting
1019
finished show
Finished waiting
1020
finished show
Finished waiting
1021
finished show
Finished waiting
1022
finished show
Finished waiting
1023
finished show
Finished waiting
1024
finished show
Finished waiting
1025
finished show
Finished waiting
1026
finished show
Finished waiting
1027
finished show
Finished waiting
1028
finished show
Finished waiting
1029
finished show
Finished waiting
1030
finished show
Finished waiting
1031
finished show
Finished waiting
1032
finished show
Finished waiting
1033
finished show
Finished waiting
1034
finished show
Finished waiting
1035
finished show
Finished waiting
1036
finished show
Finished waiting
1037
finished show
Finished waiting
1038
finished show
Finished waiting
1039
finished show
Finished waiting
1040
finished show
Finished waiting
1041
finished show
Finished waiting
1042
finished show
Finished waiting
1043
finished show
Finished waiting
1044
finished show
Finished waiting
1045
finished show
Finished waiting
1046
finished show
Finished waiting
1047
finished show
Finished waiting
1048
finished show
Finished waiting
1049
finished show
Finished waiting
1050
finished show
Finished waiting
1051
finished show
Finished waiting
1052
finished show
Finished waiting
1053
finished show
Finished waiting
1054
finished show
Finished waiting
1055
finished show
Finished waiting
1056
finished show
Finished waiting
1057
finished show
Finished waiting
1058
finished show
Finished waiting
1059
finished show
Finished waiting
1060
finished show
Finished waiting
1061
finished show
Finished waiting
1062
finished show
Finished waiting
1063
finished show
Finished waiting
1064
finished show
Finished waiting
1065
finished show
Finished waiting
1066
finished show
Finished waiting
1067
finished show
Finished waiting
1068
finished show
Finished waiting
1069
finished show
Finished waiting
1070
finished show
Finished waiting
1071
finished show
Finished waiting
1072
finished show
Finished waiting
1073
finished show
Finished waiting
1074
finished show
Finished waiting
1075
finished show
Finished waiting
1076
finished show
Finished waiting
1077
finished show
Finished waiting
1078
finished show
Finished waiting
1079
finished show
Finished waiting
1080
finished show
Finished waiting
1081
finished show
Finished waiting
1082
finished show
Finished waiting
1083
finished show
Finished waiting
1084
finished show
Finished waiting
1085
finished show
Finished waiting
1086
finished show
Finished waiting
1087
finished show
Finished waiting
1088
finished show
Finished waiting
1089
finished show
Finished waiting
1090
finished show
Finished waiting
1091
finished show
Finished waiting
1092
finished show
Finished waiting
1093
finished show
Finished waiting
1094
finished show
Finished waiting
1095
finished show
Finished waiting
1096
finished show
Finished waiting
1097
finished show
Finished waiting
1098
finished show
Finished waiting
1099
finished show
Finished waiting
1100
finished show
Finished waiting
1101
finished show
Finished waiting
1102
finished show
Finished waiting
1103
finished show
Finished waiting
1104
finished show
Finished waiting
1105
finished show
Finished waiting
1106
finished show
Finished waiting
1107
finished show
Finished waiting
1108
finished show
Finished waiting
1109
finished show
Finished waiting
1110
finished show
Finished waiting
1111
finished show
Finished waiting
1112
finished show
Finished waiting
1113
finished show
Finished waiting
1114
finished show
Finished waiting
1115
finished show
Finished waiting
1116
finished show
Finished waiting
1117
finished show
Finished waiting
1118
finished show
Finished waiting
1119
finished show
Finished waiting
1120
finished show
Finished waiting
1121
finished show
Finished waiting
1122
finished show
Finished waiting
1123
finished show
Finished waiting
1124
finished show
Finished waiting
1125
finished show
Finished waiting
1126
finished show
Finished waiting
1127
finished show
Finished waiting
1128
finished show
Finished waiting
1129
finished show
Finished waiting
1130
finished show
Finished waiting
1131
finished show
Finished waiting
1132
finished show
Finished waiting
1133
finished show
Finished waiting
1134
finished show
Finished waiting
1135
finished show
Finished waiting
1136
finished show
Finished waiting
1137
finished show
Finished waiting
1138
finished show
Finished waiting
1139
finished show
Finished waiting
1140
finished show
Finished waiting
1141
finished show
Finished waiting
1142
finished show
Finished waiting
1143
finished show
Finished waiting
1144
finished show
Finished waiting
1145
finished show
Finished waiting
1146
finished show
Finished waiting
1147
finished show
Finished waiting
1148
finished show
Finished waiting
1149
finished show
Finished waiting
1150
finished show
Finished waiting
1151
finished show
Finished waiting
1152
finished show
Finished waiting
1153
finished show
Finished waiting
1154
finished show
Finished waiting
1155
finished show
Finished waiting
1156
finished show
Finished waiting
1157
finished show
Finished waiting
1158
finished show
Finished waiting
1159
finished show
Finished waiting
1160
finished show
Finished waiting
1161
finished show
Finished waiting
1162
finished show
Finished waiting
1163
finished show
Finished waiting
1164
finished show
Finished waiting
1165
finished show
Finished waiting
1166
finished show
Finished waiting
1167
finished show
Finished waiting
1168
finished show
Finished waiting
1169
finished show
Finished waiting
1170
finished show
Finished waiting
1171
finished show
Finished waiting
1172
finished show
Finished waiting
1173
finished show
Finished waiting
1174
finished show
Finished waiting
1175
finished show
Finished waiting
1176
finished show
Finished waiting
1177
finished show
Finished waiting
1178
finished show
Finished waiting
1179
finished show
Finished waiting
1180
finished show
Finished waiting
1181
finished show
Finished waiting
1182
finished show
Finished waiting
1183
finished show
Finished waiting
1184
finished show
Finished waiting
1185
finished show
Finished waiting
1186
finished show
Finished waiting
1187
finished show
Finished waiting
1188
finished show
Finished waiting
1189
finished show
Finished waiting
1190
finished show
Finished waiting
1191
finished show
Finished waiting
1192
finished show
Finished waiting
1193
finished show
Finished waiting
1194
finished show
Finished waiting
1195
finished show
Finished waiting
1196
finished show
Finished waiting
1197
finished show
Finished waiting
1198
finished show
Finished waiting
1199
finished show
Finished waiting
1200
finished show
Finished waiting
1201
finished show
Finished waiting
1202
finished show
Finished waiting
1203
finished show
Finished waiting
1204
finished show
Finished waiting
1205
finished show
Finished waiting
1206
finished show
Finished waiting
1207
finished show
Finished waiting
1208
finished show
Finished waiting
1209
finished show
Finished waiting
1210
finished show
Finished waiting
1211
finished show
Finished waiting
1212
finished show
Finished waiting
1213
finished show
Finished waiting
1214
finished show
Finished waiting
1215
finished show
Finished waiting
1216
finished show
Finished waiting
1217
finished show
Finished waiting
1218
finished show
Finished waiting
1219
finished show
Finished waiting
1220
finished show
Finished waiting
1221
finished show
Finished waiting
1222
finished show
Finished waiting
1223
finished show
Finished waiting
1224
finished show
Finished waiting
1225
finished show
Finished waiting
1226
finished show
Finished waiting
1227
finished show
Finished waiting
1228
finished show
Finished waiting
1229
finished show
Finished waiting
1230
finished show
Finished waiting
1231
finished show
Finished waiting
1232
finished show
Finished waiting
1233
finished show
Finished waiting
1234
finished show
Finished waiting
1235
finished show
Finished waiting
1236
finished show
Finished waiting
1237
finished show
Finished waiting
1238
finished show
Finished waiting
1239
finished show
Finished waiting
1240
finished show
Finished waiting
1241
finished show
Finished waiting
1242
finished show
Finished waiting
1243
finished show
Finished waiting
1244
finished show
Finished waiting
1245
finished show
Finished waiting
1246
finished show
Finished waiting
1247
finished show
Finished waiting
1248
finished show
Finished waiting
1249
finished show
Finished waiting
1250
finished show
Finished waiting
1251
finished show
Finished waiting
1252
finished show
Finished waiting
1253
finished show
Finished waiting
1254
finished show
Finished waiting
1255
finished show
Finished waiting
1256
finished show
Finished waiting
1257
finished show
Finished waiting
1258
finished show
Finished waiting
1259
finished show
Finished waiting
1260
finished show
Finished waiting
1261
finished show
Finished waiting
1262
finished show
Finished waiting
1263
finished show
Finished waiting
1264
finished show
Finished waiting
1265
finished show
Finished waiting
1266
finished show
Finished waiting
1267
finished show
Finished waiting
1268
finished show
Finished waiting
1269
finished show
Finished waiting
1270
finished show
Finished waiting
1271
finished show
Finished waiting
1272
finished show
Finished waiting
1273
finished show
Finished waiting
1274
finished show
Finished waiting
1275
finished show
Finished waiting
1276
finished show
Finished waiting
1277
finished show
Finished waiting
1278
finished show
Finished waiting
1279
finished show
Finished waiting
1280
finished show
Finished waiting
1281
finished show
Finished waiting
1282
finished show
Finished waiting
1283
finished show
Finished waiting
1284
finished show
Finished waiting
1285
finished show
Finished waiting
1286
finished show
Finished waiting
1287
finished show
Finished waiting
1288
finished show
Finished waiting
1289
finished show
Finished waiting
1290
finished show
Finished waiting
1291
finished show
Finished waiting
1292
finished show
Finished waiting
1293
finished show
Finished waiting
1294
finished show
Finished waiting
1295
finished show
Finished waiting
1296
finished show
Finished waiting
1297
finished show
Finished waiting
1298
finished show
Finished waiting
1299
finished show
Finished waiting
1300
finished show
Finished waiting
1301
finished show
Finished waiting
1302
finished show
Finished waiting
1303
finished show
Finished waiting
1304
finished show
Finished waiting
1305
finished show
Finished waiting
1306
finished show
Finished waiting
1307
finished show
Finished waiting
1308
finished show
Finished waiting
1309
finished show
Finished waiting
1310
finished show
Finished waiting
1311
finished show
Finished waiting
1312
finished show
Finished waiting
1313
finished show
Finished waiting
1314
finished show
Finished waiting
1315
finished show
Finished waiting
1316
finished show
Finished waiting
1317
finished show
Finished waiting
1318
finished show
Finished waiting
1319
finished show
Finished waiting
1320
finished show
Finished waiting
1321
finished show
Finished waiting
1322
finished show
Finished waiting
1323
finished show
Finished waiting
1324
finished show
Finished waiting
1325
finished show
Finished waiting
1326
finished show
Finished waiting
1327
finished show
Finished waiting
1328
finished show
Finished waiting
1329
finished show
Finished waiting
1330
finished show
Finished waiting
1331
finished show
Finished waiting
1332
finished show
Finished waiting
1333
finished show
Finished waiting
1334
finished show
Finished waiting
1335
finished show
Finished waiting
1336
finished show
Finished waiting
1337
finished show
Finished waiting
1338
finished show
Finished waiting
1339
finished show
Finished waiting
1340
finished show
Finished waiting
1341
finished show
Finished waiting
1342
finished show
Finished waiting
1343
finished show
Finished waiting
1344
finished show
Finished waiting
1345
finished show
Finished waiting
1346
finished show
Finished waiting
1347
finished show
Finished waiting
1348
finished show
Finished waiting
1349
finished show
Finished waiting
1350
finished show
Finished waiting
1351
finished show
Finished waiting
1352
finished show
Finished waiting
1353
finished show
Finished waiting
1354
finished show
Finished waiting
1355
finished show
Finished waiting
1356
finished show
Finished waiting
1357
finished show
Finished waiting
1358
finished show
Finished waiting
1359
finished show
Finished waiting
1360
finished show
Finished waiting
1361
finished show
Finished waiting
1362
finished show
Finished waiting
1363
finished show
Finished waiting
1364
finished show
Finished waiting
1365
finished show
Finished waiting
1366
finished show
Finished waiting
1367
finished show
Finished waiting
1368
finished show
Finished waiting
1369
finished show
Finished waiting
1370
finished show
Finished waiting
1371
finished show
Finished waiting
1372
finished show
Finished waiting
1373
finished show
Finished waiting
1374
finished show
Finished waiting
1375
finished show
Finished waiting
1376
finished show
Finished waiting
1377
finished show
Finished waiting
1378
finished show
Finished waiting
1379
finished show
Finished waiting
1380
finished show
Finished waiting
1381
finished show
Finished waiting
1382
finished show
Finished waiting
1383
finished show
Finished waiting
1384
finished show
Finished waiting
1385
finished show
Finished waiting
1386
finished show
Finished waiting
1387
finished show
Finished waiting
1388
finished show
Finished waiting
1389
finished show
Finished waiting
1390
finished show
Finished waiting
1391
finished show
Finished waiting
1392
finished show
Finished waiting
1393
finished show
Finished waiting
1394
finished show
Finished waiting
1395
finished show
Finished waiting
1396
finished show
Finished waiting
1397
finished show
Finished waiting
1398
finished show
Finished waiting
1399
finished show
Finished waiting
1400
finished show
Finished waiting
1401
finished show
Finished waiting
1402
finished show
Finished waiting
1403
finished show
Finished waiting
1404
finished show
Finished waiting
1405
finished show
Finished waiting
1406
finished show
Finished waiting
1407
finished show
Finished waiting
1408
finished show
Finished waiting
1409
finished show
Finished waiting
1410
finished show
Finished waiting
1411
finished show
Finished waiting
1412
finished show
Finished waiting
1413
finished show
Finished waiting
1414
finished show
Finished waiting
1415
finished show
Finished waiting
1416
finished show
Finished waiting
1417
finished show
Finished waiting
1418
finished show
Finished waiting
1419
finished show
Finished waiting
1420
finished show
Finished waiting
1421
finished show
Finished waiting
1422
finished show
Finished waiting
1423
finished show
Finished waiting
1424
finished show
Finished waiting
1425
finished show
Finished waiting
1426
finished show
Finished waiting
1427
finished show
Finished waiting
1428
finished show
Finished waiting
1429
finished show
Finished waiting
1430
finished show
Finished waiting
1431
finished show
Finished waiting
1432
finished show
Finished waiting
1433
finished show
Finished waiting
1434
finished show
Finished waiting
1435
finished show
Finished waiting
1436
finished show
Finished waiting
1437
finished show
Finished waiting
1438
finished show
Finished waiting
1439
finished show
Finished waiting
1440
finished show
Finished waiting
1441
finished show
Finished waiting
1442
finished show
Finished waiting
1443
finished show
Finished waiting
1444
finished show
Finished waiting
1445
finished show
Finished waiting
1446
finished show
Finished waiting
1447
finished show
Finished waiting
1448
finished show
Finished waiting
1449
finished show
Finished waiting
1450
finished show
Finished waiting
1451
finished show
Finished waiting
1452
finished show
Finished waiting
1453
finished show
Finished waiting
1454
finished show
Finished waiting
1455
finished show
Finished waiting
1456
finished show
Finished waiting
1457
finished show
Finished waiting
1458
finished show
Finished waiting
1459
finished show
Finished waiting
1460
finished show
Finished waiting
1461
finished show
Finished waiting
1462
finished show
Finished waiting
1463
finished show
Finished waiting
1464
finished show
Finished waiting
1465
finished show
Finished waiting
1466
finished show
Finished waiting
1467
finished show
Finished waiting
1468
finished show
Finished waiting
1469
finished show
Finished waiting
1470
finished show
Finished waiting
1471
finished show
Finished waiting
1472
finished show
Finished waiting
1473
finished show
Finished waiting
1474
finished show
Finished waiting
1475
finished show
Finished waiting
1476
finished show
Finished waiting
1477
finished show
Finished waiting
1478
finished show
Finished waiting
1479
finished show
Finished waiting
1480
finished show
Finished waiting
1481
finished show
Finished waiting
1482
finished show
Finished waiting
1483
finished show
Finished waiting
1484
finished show
Finished waiting
1485
finished show
Finished waiting
1486
finished show
Finished waiting
1487
finished show
Finished waiting
1488
finished show
Finished waiting
1489
finished show
Finished waiting
1490
finished show
Finished waiting
1491
finished show
Finished waiting
1492
finished show
Finished waiting
1493
finished show
Finished waiting
1494
finished show
Finished waiting
1495
finished show
Finished waiting
1496
finished show
Finished waiting
1497
finished show
Finished waiting
1498
finished show
Finished waiting
1499
finished show
Finished waiting
1500
finished show
Finished waiting
1501
finished show
Finished waiting
1502
finished show
Finished waiting
1503
finished show
Finished waiting
1504
finished show
Finished waiting
1505
finished show
Finished waiting
1506
finished show
Finished waiting
1507
finished show
Finished waiting
1508
finished show
Finished waiting
1509
finished show
Finished waiting
1510
finished show
Finished waiting
1511
finished show
Finished waiting
1512
finished show
Finished waiting
1513
finished show
Finished waiting
1514
finished show
Finished waiting
1515
finished show
Finished waiting
1516
finished show
Finished waiting
1517
finished show
Finished waiting
1518
finished show
Finished waiting
1519
finished show
Finished waiting
1520
finished show
Finished waiting
1521
finished show
Finished waiting
1522
finished show
Finished waiting
1523
finished show
Finished waiting
1524
finished show
Finished waiting
1525
finished show
Finished waiting
1526
finished show
Finished waiting
1527
finished show
Finished waiting
1528
finished show
Finished waiting
1529
finished show
Finished waiting
1530
finished show
Finished waiting
1531
finished show
Finished waiting
1532
finished show
Finished waiting
1533
finished show
Finished waiting
1534
finished show
Finished waiting
1535
finished show
Finished waiting
1536
finished show
Finished waiting
1537
finished show
Finished waiting
1538
finished show
Finished waiting
1539
finished show
Finished waiting
1540
finished show
Finished waiting
1541
finished show
Finished waiting
1542
finished show
Finished waiting
1543
finished show
Finished waiting
1544
finished show
Finished waiting
1545
finished show
Finished waiting
1546
finished show
Finished waiting
1547
finished show
Finished waiting
1548
finished show
Finished waiting
1549
finished show
Finished waiting
1550
finished show
Finished waiting
1551
finished show
Finished waiting
1552
finished show
Finished waiting
1553
finished show
Finished waiting
1554
finished show
Finished waiting
1555
finished show
Finished waiting
1556
finished show
Finished waiting
1557
finished show
Finished waiting
1558
finished show
Finished waiting
1559
finished show
Finished waiting
1560
finished show
Finished waiting
1561
finished show
Finished waiting
1562
finished show
Finished waiting
1563
finished show
Finished waiting
1564
finished show
Finished waiting
1565
finished show
Finished waiting
1566
finished show
Finished waiting
1567
finished show
Finished waiting
1568
finished show
Finished waiting
1569
finished show
Finished waiting
1570
finished show
Finished waiting
1571
finished show
Finished waiting
1572
finished show
Finished waiting
1573
finished show
Finished waiting
1574
finished show
Finished waiting
1575
finished show
Finished waiting
1576
finished show
Finished waiting
1577
finished show
Finished waiting
1578
finished show
Finished waiting
1579
finished show
Finished waiting
1580
finished show
Finished waiting
1581
finished show
Finished waiting
1582
finished show
Finished waiting
1583
finished show
Finished waiting
1584
finished show
Finished waiting
1585
finished show
Finished waiting
1586
finished show
Finished waiting
1587
finished show
Finished waiting
1588
finished show
Finished waiting
1589
finished show
Finished waiting
1590
finished show
Finished waiting
1591
finished show
Finished waiting
1592
finished show
Finished waiting
1593
finished show
Finished waiting
1594
finished show
Finished waiting
1595
finished show
Finished waiting
1596
finished show
Finished waiting
1597
finished show
Finished waiting
1598
finished show
Finished waiting
1599
finished show
Finished waiting
1600
finished show
Finished waiting
1601
finished show
Finished waiting
1602
finished show
Finished waiting
1603
finished show
Finished waiting
1604
finished show
Finished waiting
1605
finished show
Finished waiting
1606
finished show
Finished waiting
1607
finished show
Finished waiting
1608
finished show
Finished waiting
1609
finished show
Finished waiting
1610
finished show
Finished waiting
1611
finished show
Finished waiting
1612
finished show
Finished waiting
1613
finished show
Finished waiting
1614
finished show
Finished waiting
1615
finished show
Finished waiting
1616
finished show
Finished waiting
1617
finished show
Finished waiting
1618
finished show
Finished waiting
1619
finished show
Finished waiting
1620
finished show
Finished waiting
1621
finished show
Finished waiting
1622
finished show
Finished waiting
1623
finished show
Finished waiting
1624
finished show
Finished waiting
1625
finished show
Finished waiting
1626
finished show
Finished waiting
1627
finished show
Finished waiting
1628
finished show
Finished waiting
1629
finished show
Finished waiting
1630
finished show
Finished waiting
1631
finished show
Finished waiting
1632
finished show
Finished waiting
1633
finished show
Finished waiting
1634
finished show
Finished waiting
1635
finished show
Finished waiting
1636
finished show
Finished waiting
1637
finished show
Finished waiting
1638
finished show
Finished waiting
1639
finished show
Finished waiting
1640
finished show
Finished waiting
1641
finished show
Finished waiting
1642
finished show
Finished waiting
1643
finished show
Finished waiting
1644
finished show
Finished waiting
1645
finished show
Finished waiting
1646
finished show
Finished waiting
1647
finished show
Finished waiting
1648
finished show
Finished waiting
1649
finished show
Finished waiting
1650
finished show
Finished waiting
1651
finished show
Finished waiting
1652
finished show
Finished waiting
1653
finished show
Finished waiting
1654
finished show
Finished waiting
1655
finished show
Finished waiting
1656
finished show
Finished waiting
1657
finished show
Finished waiting
1658
finished show
Finished waiting
1659
finished show
Finished waiting
1660
finished show
Finished waiting
1661
finished show
Finished waiting
1662
finished show
Finished waiting
1663
finished show
Finished waiting
1664
finished show
Finished waiting
1665
finished show
Finished waiting
1666
finished show
Finished waiting
1667
finished show
Finished waiting
1668
finished show
Finished waiting
1669
finished show
Finished waiting
1670
finished show
Finished waiting
1671
finished show
Finished waiting
1672
finished show
Finished waiting
1673
finished show
Finished waiting
1674
finished show
Finished waiting
1675
finished show
Finished waiting
1676
finished show
Finished waiting
1677
finished show
Finished waiting
1678
finished show
Finished waiting
1679
finished show
Finished waiting
1680
finished show
Finished waiting
1681
finished show
Finished waiting
1682
finished show
Finished waiting
1683
finished show
Finished waiting
1684
finished show
Finished waiting
1685
finished show
Finished waiting
1686
finished show
Finished waiting
1687
finished show
Finished waiting
1688
finished show
Finished waiting
1689
finished show
Finished waiting
1690
finished show
Finished waiting
1691
finished show
Finished waiting
1692
finished show
Finished waiting
1693
finished show
Finished waiting
1694
finished show
Finished waiting
1695
finished show
Finished waiting
1696
finished show
Finished waiting
1697
finished show
Finished waiting
1698
finished show
Finished waiting
1699
finished show
Finished waiting
1700
finished show
Finished waiting
1701
finished show
Finished waiting
1702
finished show
Finished waiting
1703
finished show
Finished waiting
1704
finished show
Finished waiting
1705
finished show
Finished waiting
1706
finished show
Finished waiting
1707
finished show
Finished waiting
1708
finished show
Finished waiting
1709
finished show
Finished waiting
1710
finished show
Finished waiting
1711
finished show
Finished waiting
1712
finished show
Finished waiting
1713
finished show
Finished waiting
1714
finished show
Finished waiting
1715
finished show
Finished waiting
1716
finished show
Finished waiting
1717
finished show
Finished waiting
1718
finished show
Finished waiting
1719
finished show
Finished waiting
1720
finished show
Finished waiting
1721
finished show
Finished waiting
1722
finished show
Finished waiting
1723
finished show
Finished waiting
1724
finished show
Finished waiting
1725
finished show
Finished waiting
1726
finished show
Finished waiting
1727
finished show
Finished waiting
1728
finished show
Finished waiting
1729
finished show
Finished waiting
1730
finished show
Finished waiting
1731
finished show
Finished waiting
1732
finished show
Finished waiting
1733
finished show
Finished waiting
1734